Change Component Designator: Old Designator=C? New Designator=C282
Change Component Designator: Old Designator=C? New Designator=C283
Change Component Designator: Old Designator=C? New Designator=C284
Change Component Designator: Old Designator=D? New Designator=D15
Change Component Designator: Old Designator=D? New Designator=D16
Change Component Designator: Old Designator=R? New Designator=R121
Change Component Designator: Old Designator=R? New Designator=R122
Change Component Designator: Old Designator=R? New Designator=R123
Change Component Designator: Old Designator=R? New Designator=R124
Change Component Designator: Old Designator=R? New Designator=R125
Change Component Designator: Old Designator=R? New Designator=R126
Change Component Designator: Old Designator=R? New Designator=R127
Change Component Designator: Old Designator=R? New Designator=R128
Change Component Designator: Old Designator=R? New Designator=R129
Change Component Designator: Old Designator=R? New Designator=R130
Change Component Designator: Old Designator=R? New Designator=R131
Change Component Designator: Old Designator=R? New Designator=R132
Change Component Designator: Old Designator=R? New Designator=R133
Change Component Designator: Old Designator=R? New Designator=R134
Change Component Designator: Old Designator=R? New Designator=R135
Change Component Designator: Old Designator=R? New Designator=R136
Change Component Designator: Old Designator=R? New Designator=R137
Change Component Designator: Old Designator=R? New Designator=R138
Change Component Designator: Old Designator=R? New Designator=R139
Change Component Designator: Old Designator=R? New Designator=R140
Change Component Designator: Old Designator=R? New Designator=R141
Change Component Designator: Old Designator=R? New Designator=R142
Change Component Designator: Old Designator=R? New Designator=R143
Change Component Designator: Old Designator=R? New Designator=R144
Change Component Designator: Old Designator=R? New Designator=R145
Change Component Designator: Old Designator=R? New Designator=R146
Change Component Designator: Old Designator=R? New Designator=R147
Change Component Designator: Old Designator=R? New Designator=R148
Change Component Designator: Old Designator=R? New Designator=R149
Change Component Designator: Old Designator=R? New Designator=R150
Change Component Designator: Old Designator=R? New Designator=R151
Change Component Designator: Old Designator=R? New Designator=R152
Change Component Designator: Old Designator=R? New Designator=R153
Change Component Designator: Old Designator=R? New Designator=R154
Change Component Designator: Old Designator=R? New Designator=R155
Change Component Designator: Old Designator=R? New Designator=R156
Change Component Designator: Old Designator=R? New Designator=R157
Change Component Designator: Old Designator=R? New Designator=R158
Change Component Designator: Old Designator=R? New Designator=R159
Change Component Designator: Old Designator=R? New Designator=R160
Change Component Designator: Old Designator=R? New Designator=R161
Change Component Designator: Old Designator=R? New Designator=R162
Change Component Designator: Old Designator=R? New Designator=R163
Change Component Designator: Old Designator=R? New Designator=R164
Change Component Designator: Old Designator=R? New Designator=R165
Change Component Designator: Old Designator=SW? New Designator=SW2
Change Component Designator: Old Designator=SW? New Designator=SW3
Change Component Designator: Old Designator=U? New Designator=U15
Change Component Designator: Old Designator=U? New Designator=U16
