Change Component Designator: Old Designator=ANT? New Designator=ANT1
Change Component Designator: Old Designator=C? New Designator=C270
Change Component Designator: Old Designator=C? New Designator=C271
Change Component Designator: Old Designator=C? New Designator=C272
Change Component Designator: Old Designator=C? New Designator=C273
Change Component Designator: Old Designator=C? New Designator=C274
Change Component Designator: Old Designator=C? New Designator=C275
Change Component Designator: Old Designator=C? New Designator=C276
Change Component Designator: Old Designator=C? New Designator=C277
Change Component Designator: Old Designator=C? New Designator=C278
Change Component Designator: Old Designator=C? New Designator=C279
Change Component Designator: Old Designator=C? New Designator=C280
Change Component Designator: Old Designator=C? New Designator=C281
Change Component Designator: Old Designator=FL? New Designator=FL1
Change Component Designator: Old Designator=J? New Designator=J4
Change Component Designator: Old Designator=R? New Designator=R118
Change Component Designator: Old Designator=R? New Designator=R119
Change Component Designator: Old Designator=R? New Designator=R120
Change Component Designator: Old Designator=TP? New Designator=TP56
Change Component Designator: Old Designator=TP? New Designator=TP57
Change Component Designator: Old Designator=TP? New Designator=TP58
Change Component Designator: Old Designator=U? New Designator=U13
Change Component Designator: Old Designator=U? New Designator=U13
Change Component Designator: Old Designator=U? New Designator=U14
