Removed Pin From Net: NetName=VDD_3V3 Pin=J1-13
Removed Pin From Net: NetName=VDD_1V8 Pin=J1-14
Removed Pin From Net: NetName=VDD_3V3 Pin=J1-15
Removed Pin From Net: NetName=VDD_1V8 Pin=J1-16
Removed Pin From Net: NetName=VDD_3V3 Pin=J1-17
Removed Pin From Net: NetName=VDD_1V8 Pin=J1-18
Removed Pin From Net: NetName=VDD_3V3 Pin=J1-19
Removed Pin From Net: NetName=VDD_1V8 Pin=J1-20
Removed Pin From Net: NetName=VDD_3V3 Pin=J1-21
Removed Pin From Net: NetName=VDD_1V8 Pin=J1-22
Removed Pin From Net: NetName=VSD_3V3 Pin=J1-25
Removed Pin From Net: NetName=GND Pin=J1-26
Removed Pin From Net: NetName=VSD_3V3 Pin=J1-27
Removed Pin From Net: NetName=GND Pin=J1-28
Removed Pin From Net: NetName=VSD_3V3 Pin=J1-29
Removed Pin From Net: NetName=GND Pin=J1-30
Removed Pin From Net: NetName=GND Pin=J1-37
Removed Pin From Net: NetName=GND Pin=J1-39
Removed Pin From Net: NetName=SYS_nRST Pin=J1-40
Removed Pin From Net: NetName=SD1_DATA2 Pin=J1-41
Removed Pin From Net: NetName=SD1_DATA4 Pin=J1-42
Removed Pin From Net: NetName=SD1_DATA3 Pin=J1-43
Removed Pin From Net: NetName=SD1_DATA7 Pin=J1-44
Removed Pin From Net: NetName=SD1_CMD Pin=J1-45
Removed Pin From Net: NetName=SD1_STROBE Pin=J1-46
Removed Pin From Net: NetName=SD1_CLK Pin=J1-47
Removed Pin From Net: NetName=SD1_RESET_B Pin=J1-48
Removed Pin From Net: NetName=SD1_DATA0 Pin=J1-49
Removed Pin From Net: NetName=ECSPI2_SS0 Pin=J1-50
Removed Pin From Net: NetName=SD1_DATA1 Pin=J1-51
Removed Pin From Net: NetName=ECSPI2_SCLK Pin=J1-52
Removed Pin From Net: NetName=SD1_DATA5 Pin=J1-53
Removed Pin From Net: NetName=ECSPI2_MOSI Pin=J1-54
Removed Pin From Net: NetName=SD1_DATA6 Pin=J1-55
Removed Pin From Net: NetName=ECSPI2_MISO Pin=J1-56
Removed Pin From Net: NetName=UART3_TXD Pin=J1-57
Removed Pin From Net: NetName=SAI3_MCLK Pin=J1-58
Removed Pin From Net: NetName=UART3_CTS Pin=J1-59
Removed Pin From Net: NetName=SAI3_TXC Pin=J1-60
Removed Pin From Net: NetName=UART3_RTS Pin=J1-61
Removed Pin From Net: NetName=SAI3_RXFS Pin=J1-62
Removed Pin From Net: NetName=UART3_RXD Pin=J1-63
Removed Pin From Net: NetName=SAI3_TXD Pin=J1-64
Removed Pin From Net: NetName=SPDIF_EXT_CLK Pin=J1-65
Removed Pin From Net: NetName=SAI3_RXC Pin=J1-66
Removed Pin From Net: NetName=SPDIF_RX Pin=J1-67
Removed Pin From Net: NetName=SAI2_RXFS Pin=J1-68
Removed Pin From Net: NetName=SPDIF_TX Pin=J1-69
Removed Pin From Net: NetName=SAI2_TXFS Pin=J1-70
Removed Pin From Net: NetName=SAI3_RXD Pin=J1-71
Removed Pin From Net: NetName=SAI2_TXD Pin=J1-72
Removed Pin From Net: NetName=SAI3_TXFS Pin=J1-73
Removed Pin From Net: NetName=SAI2_RXC Pin=J1-74
Removed Pin From Net: NetName=GND Pin=J1-75
Removed Pin From Net: NetName=SAI2_TXC Pin=J1-76
Removed Pin From Net: NetName=GND Pin=J1-77
Removed Pin From Net: NetName=SAI2_MCLK Pin=J1-78
Removed Pin From Net: NetName=GND Pin=J1-79
Removed Pin From Net: NetName=SAI2_RXD Pin=J1-80
Removed Pin From Net: NetName=GND Pin=J1-83
Removed Pin From Net: NetName=I2C3_SCL Pin=J1-84
Removed Pin From Net: NetName=GND Pin=J1-85
Removed Pin From Net: NetName=I2C3_SDA Pin=J1-86
Removed Pin From Net: NetName=I2C4_SDA Pin=J1-87
Removed Pin From Net: NetName=I2C2_SDA Pin=J1-88
Removed Pin From Net: NetName=I2C4_SCL Pin=J1-89
Removed Pin From Net: NetName=I2C2_SCL Pin=J1-90
Removed Pin From Net: NetName=DBG_UART_A53_RX Pin=J1-91
Removed Pin From Net: NetName=DBG_UART_M7_RX Pin=J1-92
Removed Pin From Net: NetName=UART1_CTS Pin=J1-93
Removed Pin From Net: NetName=DBG_UART_M7_TX Pin=J1-94
Removed Pin From Net: NetName=UART1_RXD Pin=J1-95
Removed Pin From Net: NetName=UART1_RTS Pin=J1-96
Removed Pin From Net: NetName=GND Pin=J1-97
Removed Pin From Net: NetName=DBG_UART_A53_TX Pin=J1-98
Removed Pin From Net: NetName=GND Pin=J1-99
Removed Pin From Net: NetName=UART1_TXD Pin=J1-100
Removed Pin From Net: NetName=CLKOUT2 Pin=J2-1
Removed Pin From Net: NetName=GND Pin=J2-2
Removed Pin From Net: NetName=CLKIN2 Pin=J2-3
Removed Pin From Net: NetName=GND Pin=J2-4
Removed Pin From Net: NetName=CLKOUT1 Pin=J2-5
Removed Pin From Net: NetName=GND Pin=J2-6
Removed Pin From Net: NetName=CLKIN1 Pin=J2-7
Removed Pin From Net: NetName=GND Pin=J2-8
Removed Pin From Net: NetName=POR_B Pin=J2-9
Removed Pin From Net: NetName=GND Pin=J2-10
Removed Pin From Net: NetName=LVDS1_TX3_N Pin=J2-19
Removed Pin From Net: NetName=LVDS0_TX3_N Pin=J2-20
Removed Pin From Net: NetName=LVDS1_TX3_P Pin=J2-21
Removed Pin From Net: NetName=LVDS0_TX3_P Pin=J2-22
Removed Pin From Net: NetName=LVDS1_TX2_N Pin=J2-23
Removed Pin From Net: NetName=LVDS0_TX2_N Pin=J2-24
Removed Pin From Net: NetName=LVDS1_TX2_P Pin=J2-25
Removed Pin From Net: NetName=LVDS0_TX2_P Pin=J2-26
Removed Pin From Net: NetName=LVDS1_CLK_N Pin=J2-27
Removed Pin From Net: NetName=LVDS0_CLK_N Pin=J2-28
Removed Pin From Net: NetName=LVDS1_CLK_P Pin=J2-29
Removed Pin From Net: NetName=LVDS0_CLK_P Pin=J2-30
Removed Pin From Net: NetName=LVDS1_TX1_N Pin=J2-31
Removed Pin From Net: NetName=LVDS0_TX1_N Pin=J2-32
Removed Pin From Net: NetName=LVDS1_TX1_P Pin=J2-33
Removed Pin From Net: NetName=LVDS0_TX1_P Pin=J2-34
Removed Pin From Net: NetName=LVDS1_TX0_N Pin=J2-35
Removed Pin From Net: NetName=LVDS0_TX0_N Pin=J2-36
Removed Pin From Net: NetName=LVDS1_TX0_P Pin=J2-37
Removed Pin From Net: NetName=LVDS0_TX0_P Pin=J2-38
Removed Pin From Net: NetName=CSI2_D0_N Pin=J2-41
Removed Pin From Net: NetName=GND Pin=J2-42
Removed Pin From Net: NetName=CSI2_D0_P Pin=J2-43
Removed Pin From Net: NetName=GND Pin=J2-44
Removed Pin From Net: NetName=CSI2_D1_N Pin=J2-45
Removed Pin From Net: NetName=CSI1_D3_P Pin=J2-46
Removed Pin From Net: NetName=CSI2_D1_P Pin=J2-47
Removed Pin From Net: NetName=CSI1_D3_N Pin=J2-48
Removed Pin From Net: NetName=CSI2_CK_N Pin=J2-49
Removed Pin From Net: NetName=CSI1_D2_P Pin=J2-50
Removed Pin From Net: NetName=CSI2_CK_P Pin=J2-51
Removed Pin From Net: NetName=CSI1_D2_N Pin=J2-52
Removed Pin From Net: NetName=CSI2_D2_N Pin=J2-53
Removed Pin From Net: NetName=CSI1_CK_P Pin=J2-54
Removed Pin From Net: NetName=CSI2_D2_P Pin=J2-55
Removed Pin From Net: NetName=CSI1_CK_N Pin=J2-56
Removed Pin From Net: NetName=CSI2_D3_N Pin=J2-57
Removed Pin From Net: NetName=CSI1_D1_P Pin=J2-58
Removed Pin From Net: NetName=CSI2_D3_P Pin=J2-59
Removed Pin From Net: NetName=CSI1_D1_N Pin=J2-60
Removed Pin From Net: NetName=ONOFF Pin=J2-61
Removed Pin From Net: NetName=CSI1_D0_P Pin=J2-62
Removed Pin From Net: NetName=USB1_VBUS_3V3 Pin=J2-63
Removed Pin From Net: NetName=CSI1_D0_N Pin=J2-64
Removed Pin From Net: NetName=USB1_TX_P Pin=J2-67
Removed Pin From Net: NetName=JTAG_MOD Pin=J2-68
Removed Pin From Net: NetName=USB1_TX_N Pin=J2-69
Removed Pin From Net: NetName=JTAG_TCK Pin=J2-70
Removed Pin From Net: NetName=GND Pin=J2-71
Removed Pin From Net: NetName=JTAG_TDI Pin=J2-72
Removed Pin From Net: NetName=USB1_RX_P Pin=J2-73
Removed Pin From Net: NetName=JTAG_TDO Pin=J2-74
Removed Pin From Net: NetName=USB1_RX_N Pin=J2-75
Removed Pin From Net: NetName=JTAG_TMS Pin=J2-76
Removed Pin From Net: NetName=GND Pin=J2-79
Removed Pin From Net: NetName=USB1_D_P Pin=J2-80
Removed Pin From Net: NetName=GPIO1_IO08 Pin=J2-81
Removed Pin From Net: NetName=USB1_D_N Pin=J2-82
Removed Pin From Net: NetName=GPIO1_IO09 Pin=J2-83
Removed Pin From Net: NetName=BOOT_MODE0 Pin=J2-84
Removed Pin From Net: NetName=GPIO1_IO00 Pin=J2-85
Removed Pin From Net: NetName=BOOT_MODE3 Pin=J2-86
Removed Pin From Net: NetName=GPIO1_IO10 Pin=J2-87
Removed Pin From Net: NetName=GPIO1_IO11 Pin=J2-88
Removed Pin From Net: NetName=GPIO1_IO13 Pin=J2-89
Removed Pin From Net: NetName=GPIO1_IO01 Pin=J2-90
Removed Pin From Net: NetName=GPIO1_IO12 Pin=J2-91
Removed Pin From Net: NetName=BOOT_MODE1 Pin=J2-92
Removed Pin From Net: NetName=GPIO1_IO15 Pin=J2-93
Removed Pin From Net: NetName=BOOT_MODE2 Pin=J2-94
Removed Pin From Net: NetName=GPIO1_IO14 Pin=J2-95
Removed Pin From Net: NetName=GND Pin=J2-96
Removed Pin From Net: NetName=GPIO1_IO05 Pin=J2-97
Removed Pin From Net: NetName=GND Pin=J2-98
Removed Pin From Net: NetName=GPIO1_IO06 Pin=J2-99
Removed Pin From Net: NetName=GPIO1_IO07 Pin=J2-100
Added Pin To Net: NetName=VDD_1V8 Pin=J1-13
Added Pin To Net: NetName=VDD_3V3 Pin=J1-14
Added Pin To Net: NetName=VDD_1V8 Pin=J1-15
Added Pin To Net: NetName=VDD_3V3 Pin=J1-16
Added Pin To Net: NetName=VDD_1V8 Pin=J1-17
Added Pin To Net: NetName=VDD_3V3 Pin=J1-18
Added Pin To Net: NetName=VDD_1V8 Pin=J1-19
Added Pin To Net: NetName=VDD_3V3 Pin=J1-20
Added Pin To Net: NetName=VDD_1V8 Pin=J1-21
Added Pin To Net: NetName=VDD_3V3 Pin=J1-22
Added Pin To Net: NetName=GND Pin=J1-25
Added Pin To Net: NetName=VSD_3V3 Pin=J1-26
Added Pin To Net: NetName=GND Pin=J1-27
Added Pin To Net: NetName=VSD_3V3 Pin=J1-28
Added Pin To Net: NetName=GND Pin=J1-29
Added Pin To Net: NetName=VSD_3V3 Pin=J1-30
Added Pin To Net: NetName=GND Pin=J1-38
Added Pin To Net: NetName=SYS_nRST Pin=J1-39
Added Pin To Net: NetName=GND Pin=J1-40
Added Pin To Net: NetName=SD1_DATA4 Pin=J1-41
Added Pin To Net: NetName=SD1_DATA2 Pin=J1-42
Added Pin To Net: NetName=SD1_DATA7 Pin=J1-43
Added Pin To Net: NetName=SD1_DATA3 Pin=J1-44
Added Pin To Net: NetName=SD1_STROBE Pin=J1-45
Added Pin To Net: NetName=SD1_CMD Pin=J1-46
Added Pin To Net: NetName=SD1_RESET_B Pin=J1-47
Added Pin To Net: NetName=SD1_CLK Pin=J1-48
Added Pin To Net: NetName=ECSPI2_SS0 Pin=J1-49
Added Pin To Net: NetName=SD1_DATA0 Pin=J1-50
Added Pin To Net: NetName=ECSPI2_SCLK Pin=J1-51
Added Pin To Net: NetName=SD1_DATA1 Pin=J1-52
Added Pin To Net: NetName=ECSPI2_MOSI Pin=J1-53
Added Pin To Net: NetName=SD1_DATA5 Pin=J1-54
Added Pin To Net: NetName=ECSPI2_MISO Pin=J1-55
Added Pin To Net: NetName=SD1_DATA6 Pin=J1-56
Added Pin To Net: NetName=SAI3_MCLK Pin=J1-57
Added Pin To Net: NetName=UART3_TXD Pin=J1-58
Added Pin To Net: NetName=SAI3_TXC Pin=J1-59
Added Pin To Net: NetName=UART3_CTS Pin=J1-60
Added Pin To Net: NetName=SAI3_RXFS Pin=J1-61
Added Pin To Net: NetName=UART3_RTS Pin=J1-62
Added Pin To Net: NetName=SAI3_TXD Pin=J1-63
Added Pin To Net: NetName=UART3_RXD Pin=J1-64
Added Pin To Net: NetName=SAI3_RXC Pin=J1-65
Added Pin To Net: NetName=SPDIF_EXT_CLK Pin=J1-66
Added Pin To Net: NetName=SAI2_RXFS Pin=J1-67
Added Pin To Net: NetName=SPDIF_RX Pin=J1-68
Added Pin To Net: NetName=SAI2_TXFS Pin=J1-69
Added Pin To Net: NetName=SPDIF_TX Pin=J1-70
Added Pin To Net: NetName=SAI2_TXD Pin=J1-71
Added Pin To Net: NetName=SAI3_RXD Pin=J1-72
Added Pin To Net: NetName=SAI2_RXC Pin=J1-73
Added Pin To Net: NetName=SAI3_TXFS Pin=J1-74
Added Pin To Net: NetName=SAI2_TXC Pin=J1-75
Added Pin To Net: NetName=GND Pin=J1-76
Added Pin To Net: NetName=SAI2_MCLK Pin=J1-77
Added Pin To Net: NetName=GND Pin=J1-78
Added Pin To Net: NetName=SAI2_RXD Pin=J1-79
Added Pin To Net: NetName=GND Pin=J1-80
Added Pin To Net: NetName=I2C3_SCL Pin=J1-83
Added Pin To Net: NetName=GND Pin=J1-84
Added Pin To Net: NetName=I2C3_SDA Pin=J1-85
Added Pin To Net: NetName=GND Pin=J1-86
Added Pin To Net: NetName=I2C2_SDA Pin=J1-87
Added Pin To Net: NetName=I2C4_SDA Pin=J1-88
Added Pin To Net: NetName=I2C2_SCL Pin=J1-89
Added Pin To Net: NetName=I2C4_SCL Pin=J1-90
Added Pin To Net: NetName=DBG_UART_M7_RX Pin=J1-91
Added Pin To Net: NetName=DBG_UART_A53_RX Pin=J1-92
Added Pin To Net: NetName=DBG_UART_M7_TX Pin=J1-93
Added Pin To Net: NetName=UART1_CTS Pin=J1-94
Added Pin To Net: NetName=UART1_RTS Pin=J1-95
Added Pin To Net: NetName=UART1_RXD Pin=J1-96
Added Pin To Net: NetName=DBG_UART_A53_TX Pin=J1-97
Added Pin To Net: NetName=GND Pin=J1-98
Added Pin To Net: NetName=UART1_TXD Pin=J1-99
Added Pin To Net: NetName=GND Pin=J1-100
Added Pin To Net: NetName=GND Pin=J2-1
Added Pin To Net: NetName=CLKOUT2 Pin=J2-2
Added Pin To Net: NetName=GND Pin=J2-3
Added Pin To Net: NetName=CLKIN2 Pin=J2-4
Added Pin To Net: NetName=GND Pin=J2-5
Added Pin To Net: NetName=CLKOUT1 Pin=J2-6
Added Pin To Net: NetName=GND Pin=J2-7
Added Pin To Net: NetName=CLKIN1 Pin=J2-8
Added Pin To Net: NetName=GND Pin=J2-9
Added Pin To Net: NetName=POR_B Pin=J2-10
Added Pin To Net: NetName=LVDS0_TX3_N Pin=J2-19
Added Pin To Net: NetName=LVDS1_TX3_N Pin=J2-20
Added Pin To Net: NetName=LVDS0_TX3_P Pin=J2-21
Added Pin To Net: NetName=LVDS1_TX3_P Pin=J2-22
Added Pin To Net: NetName=LVDS0_TX2_N Pin=J2-23
Added Pin To Net: NetName=LVDS1_TX2_N Pin=J2-24
Added Pin To Net: NetName=LVDS0_TX2_P Pin=J2-25
Added Pin To Net: NetName=LVDS1_TX2_P Pin=J2-26
Added Pin To Net: NetName=LVDS0_CLK_N Pin=J2-27
Added Pin To Net: NetName=LVDS1_CLK_N Pin=J2-28
Added Pin To Net: NetName=LVDS0_CLK_P Pin=J2-29
Added Pin To Net: NetName=LVDS1_CLK_P Pin=J2-30
Added Pin To Net: NetName=LVDS0_TX1_N Pin=J2-31
Added Pin To Net: NetName=LVDS1_TX1_N Pin=J2-32
Added Pin To Net: NetName=LVDS0_TX1_P Pin=J2-33
Added Pin To Net: NetName=LVDS1_TX1_P Pin=J2-34
Added Pin To Net: NetName=LVDS0_TX0_N Pin=J2-35
Added Pin To Net: NetName=LVDS1_TX0_N Pin=J2-36
Added Pin To Net: NetName=LVDS0_TX0_P Pin=J2-37
Added Pin To Net: NetName=LVDS1_TX0_P Pin=J2-38
Added Pin To Net: NetName=GND Pin=J2-41
Added Pin To Net: NetName=CSI2_D0_N Pin=J2-42
Added Pin To Net: NetName=GND Pin=J2-43
Added Pin To Net: NetName=CSI2_D0_P Pin=J2-44
Added Pin To Net: NetName=CSI1_D3_P Pin=J2-45
Added Pin To Net: NetName=CSI2_D1_N Pin=J2-46
Added Pin To Net: NetName=CSI1_D3_N Pin=J2-47
Added Pin To Net: NetName=CSI2_D1_P Pin=J2-48
Added Pin To Net: NetName=CSI1_D2_P Pin=J2-49
Added Pin To Net: NetName=CSI2_CK_N Pin=J2-50
Added Pin To Net: NetName=CSI1_D2_N Pin=J2-51
Added Pin To Net: NetName=CSI2_CK_P Pin=J2-52
Added Pin To Net: NetName=CSI1_CK_P Pin=J2-53
Added Pin To Net: NetName=CSI2_D2_N Pin=J2-54
Added Pin To Net: NetName=CSI1_CK_N Pin=J2-55
Added Pin To Net: NetName=CSI2_D2_P Pin=J2-56
Added Pin To Net: NetName=CSI1_D1_P Pin=J2-57
Added Pin To Net: NetName=CSI2_D3_N Pin=J2-58
Added Pin To Net: NetName=CSI1_D1_N Pin=J2-59
Added Pin To Net: NetName=CSI2_D3_P Pin=J2-60
Added Pin To Net: NetName=CSI1_D0_P Pin=J2-61
Added Pin To Net: NetName=ONOFF Pin=J2-62
Added Pin To Net: NetName=CSI1_D0_N Pin=J2-63
Added Pin To Net: NetName=USB1_VBUS_3V3 Pin=J2-64
Added Pin To Net: NetName=JTAG_MOD Pin=J2-67
Added Pin To Net: NetName=USB1_TX_P Pin=J2-68
Added Pin To Net: NetName=JTAG_TCK Pin=J2-69
Added Pin To Net: NetName=USB1_TX_N Pin=J2-70
Added Pin To Net: NetName=JTAG_TDI Pin=J2-71
Added Pin To Net: NetName=GND Pin=J2-72
Added Pin To Net: NetName=JTAG_TDO Pin=J2-73
Added Pin To Net: NetName=USB1_RX_P Pin=J2-74
Added Pin To Net: NetName=JTAG_TMS Pin=J2-75
Added Pin To Net: NetName=USB1_RX_N Pin=J2-76
Added Pin To Net: NetName=USB1_D_P Pin=J2-79
Added Pin To Net: NetName=GND Pin=J2-80
Added Pin To Net: NetName=USB1_D_N Pin=J2-81
Added Pin To Net: NetName=GPIO1_IO08 Pin=J2-82
Added Pin To Net: NetName=BOOT_MODE0 Pin=J2-83
Added Pin To Net: NetName=GPIO1_IO09 Pin=J2-84
Added Pin To Net: NetName=BOOT_MODE3 Pin=J2-85
Added Pin To Net: NetName=GPIO1_IO00 Pin=J2-86
Added Pin To Net: NetName=GPIO1_IO11 Pin=J2-87
Added Pin To Net: NetName=GPIO1_IO10 Pin=J2-88
Added Pin To Net: NetName=GPIO1_IO01 Pin=J2-89
Added Pin To Net: NetName=GPIO1_IO13 Pin=J2-90
Added Pin To Net: NetName=BOOT_MODE1 Pin=J2-91
Added Pin To Net: NetName=GPIO1_IO12 Pin=J2-92
Added Pin To Net: NetName=BOOT_MODE2 Pin=J2-93
Added Pin To Net: NetName=GPIO1_IO15 Pin=J2-94
Added Pin To Net: NetName=GND Pin=J2-95
Added Pin To Net: NetName=GPIO1_IO14 Pin=J2-96
Added Pin To Net: NetName=GND Pin=J2-97
Added Pin To Net: NetName=GPIO1_IO05 Pin=J2-98
Added Pin To Net: NetName=GPIO1_IO07 Pin=J2-99
Added Pin To Net: NetName=GPIO1_IO06 Pin=J2-100
Added Pin To Net: NetName=NetJ1_37 Pin=J1-37
Added Pin To Net: NetName=NetJ1_37 Pin=R49-2
Added Net: Name=NetJ1_37
