Removed Member From Class: ClassName=ADD_CMD_CTRLB_G1 Member=DRAM_CK_A_N
Removed Member From Class: ClassName=ADD_CMD_CTRLB_G1 Member=DRAM_CK_A_P
Change Class Name : Old Net Name=ADD_CMD_CTRLB_G1 New Net Name=Z50
Added Member To Class: ClassName=Z50 Member=Wire DRAM_CA0_A
Added Member To Class: ClassName=Z50 Member=Wire DRAM_CA1_A
Added Member To Class: ClassName=Z50 Member=Wire DRAM_CA2_A
Added Member To Class: ClassName=Z50 Member=Wire DRAM_CA3_A
Added Member To Class: ClassName=Z50 Member=Wire DRAM_CA4_A
Added Member To Class: ClassName=Z50 Member=Wire DRAM_CA5_A
Added Member To Class: ClassName=Z50 Member=Wire DRAM_CKE0_A
Added Member To Class: ClassName=Z50 Member=Wire DRAM_CKE1_A
Added Member To Class: ClassName=Z50 Member=Wire DRAM_DATA0_A
Added Member To Class: ClassName=Z50 Member=Wire DRAM_DATA0_B
Added Member To Class: ClassName=Z50 Member=Wire DRAM_DATA1_A
Added Member To Class: ClassName=Z50 Member=Wire DRAM_DATA1_B
Added Member To Class: ClassName=Z50 Member=Wire DRAM_DATA2_A
Added Member To Class: ClassName=Z50 Member=Wire DRAM_DATA2_B
Added Member To Class: ClassName=Z50 Member=Wire DRAM_DATA3_A
Added Member To Class: ClassName=Z50 Member=Wire DRAM_DATA3_B
Added Member To Class: ClassName=Z50 Member=Wire DRAM_DATA4_A
Added Member To Class: ClassName=Z50 Member=Wire DRAM_DATA4_B
Added Member To Class: ClassName=Z50 Member=Wire DRAM_DATA5_A
Added Member To Class: ClassName=Z50 Member=Wire DRAM_DATA5_B
Added Member To Class: ClassName=Z50 Member=Wire DRAM_DATA6_A
Added Member To Class: ClassName=Z50 Member=Wire DRAM_DATA6_B
Added Member To Class: ClassName=Z50 Member=Wire DRAM_DATA7_A
Added Member To Class: ClassName=Z50 Member=Wire DRAM_DATA7_B
Added Member To Class: ClassName=Z50 Member=Wire DRAM_DATA8_A
Added Member To Class: ClassName=Z50 Member=Wire DRAM_DATA8_B
Added Member To Class: ClassName=Z50 Member=Wire DRAM_DATA9_A
Added Member To Class: ClassName=Z50 Member=Wire DRAM_DATA9_B
Added Member To Class: ClassName=Z50 Member=Wire DRAM_DATA10_A
Added Member To Class: ClassName=Z50 Member=Wire DRAM_DATA10_B
Added Member To Class: ClassName=Z50 Member=Wire DRAM_DATA11_A
Added Member To Class: ClassName=Z50 Member=Wire DRAM_DATA11_B
Added Member To Class: ClassName=Z50 Member=Wire DRAM_DATA12_A
Added Member To Class: ClassName=Z50 Member=Wire DRAM_DATA12_B
Added Member To Class: ClassName=Z50 Member=Wire DRAM_DATA13_A
Added Member To Class: ClassName=Z50 Member=Wire DRAM_DATA13_B
Added Member To Class: ClassName=Z50 Member=Wire DRAM_DATA14_A
Added Member To Class: ClassName=Z50 Member=Wire DRAM_DATA14_B
Added Member To Class: ClassName=Z50 Member=Wire DRAM_DATA15_A
Added Member To Class: ClassName=Z50 Member=Wire DRAM_DATA15_B
Added Member To Class: ClassName=Z50 Member=Wire DRAM_DMI0_A
Added Member To Class: ClassName=Z50 Member=Wire DRAM_DMI0_B
Added Member To Class: ClassName=Z50 Member=Wire DRAM_DMI1_A
Added Member To Class: ClassName=Z50 Member=Wire DRAM_DMI1_B
Added Member To Class: ClassName=Z50 Member=Wire DRAM_nCS0_A
Added Member To Class: ClassName=Z50 Member=Wire DRAM_nCS1_A
Added Member To Class: ClassName=Z50 Member=Wire GPS_ANT
Added Member To Class: ClassName=Z50 Member=Wire RF_5GHZ_WF_CONN
Added Member To Class: ClassName=Z50 Member=Wire RF_5GHZ_WF
