Change Pin Package Length: Pin=U1A-A2 Old Length=0mil New Length=333.915mil
Change Pin Package Length: Pin=U1A-AA1 Old Length=0mil New Length=226.944mil
Change Pin Package Length: Pin=U1A-AA2 Old Length=0mil New Length=212.76mil
Change Pin Package Length: Pin=U1A-AA4 Old Length=0mil New Length=261.222mil
Change Pin Package Length: Pin=U1A-AA5 Old Length=0mil New Length=262.995mil
Change Pin Package Length: Pin=U1A-AA6 Old Length=0mil New Length=368.193mil
Change Pin Package Length: Pin=U1A-AB1 Old Length=0mil New Length=300.819mil
Change Pin Package Length: Pin=U1A-AB2 Old Length=0mil New Length=254.721mil
Change Pin Package Length: Pin=U1A-AC1 Old Length=0mil New Length=294.318mil
Change Pin Package Length: Pin=U1A-AC2 Old Length=0mil New Length=287.226mil
Change Pin Package Length: Pin=U1A-AD1 Old Length=0mil New Length=262.995mil
Change Pin Package Length: Pin=U1A-AD2 Old Length=0mil New Length=264.768mil
Change Pin Package Length: Pin=U1A-AE1 Old Length=0mil New Length=269.496mil
Change Pin Package Length: Pin=U1A-AE2 Old Length=0mil New Length=290.772mil
Change Pin Package Length: Pin=U1A-AE4 Old Length=0mil New Length=326.823mil
Change Pin Package Length: Pin=U1A-AF1 Old Length=0mil New Length=288.408mil
Change Pin Package Length: Pin=U1A-AF2 Old Length=0mil New Length=284.862mil
Change Pin Package Length: Pin=U1A-AF4 Old Length=0mil New Length=305.547mil
Change Pin Package Length: Pin=U1A-AG1 Old Length=0mil New Length=323.277mil
Change Pin Package Length: Pin=U1A-AG2 Old Length=0mil New Length=265.95mil
Change Pin Package Length: Pin=U1A-AH1 Old Length=0mil New Length=317.958mil
Change Pin Package Length: Pin=U1A-AH2 Old Length=0mil New Length=280.725mil
Change Pin Package Length: Pin=U1A-AH3 Old Length=0mil New Length=346.326mil
Change Pin Package Length: Pin=U1A-AJ2 Old Length=0mil New Length=343.962mil
Change Pin Package Length: Pin=U1A-B1 Old Length=0mil New Length=368.784mil
Change Pin Package Length: Pin=U1A-B2 Old Length=0mil New Length=338.643mil
Change Pin Package Length: Pin=U1A-B3 Old Length=0mil New Length=296.091mil
Change Pin Package Length: Pin=U1A-C1 Old Length=0mil New Length=332.142mil
Change Pin Package Length: Pin=U1A-C2 Old Length=0mil New Length=371.148mil
Change Pin Package Length: Pin=U1A-D1 Old Length=0mil New Length=300.819mil
Change Pin Package Length: Pin=U1A-D2 Old Length=0mil New Length=298.455mil
Change Pin Package Length: Pin=U1A-D4 Old Length=0mil New Length=423.156mil
Change Pin Package Length: Pin=U1A-E1 Old Length=0mil New Length=359.919mil
Change Pin Package Length: Pin=U1A-E2 Old Length=0mil New Length=305.547mil
Change Pin Package Length: Pin=U1A-E4 Old Length=0mil New Length=364.647mil
Change Pin Package Length: Pin=U1A-F1 Old Length=0mil New Length=368.193mil
Change Pin Package Length: Pin=U1A-F2 Old Length=0mil New Length=283.089mil
Change Pin Package Length: Pin=U1A-G1 Old Length=0mil New Length=257.085mil
Change Pin Package Length: Pin=U1A-G2 Old Length=0mil New Length=321.504mil
Change Pin Package Length: Pin=U1A-G5 Old Length=0mil New Length=254.721mil
Change Pin Package Length: Pin=U1A-H1 Old Length=0mil New Length=285.453mil
Change Pin Package Length: Pin=U1A-H2 Old Length=0mil New Length=290.181mil
Change Pin Package Length: Pin=U1A-J1 Old Length=0mil New Length=238.173mil
Change Pin Package Length: Pin=U1A-J2 Old Length=0mil New Length=233.445mil
Change Pin Package Length: Pin=U1A-J4 Old Length=0mil New Length=288.999mil
Change Pin Package Length: Pin=U1A-J6 Old Length=0mil New Length=235.218mil
Change Pin Package Length: Pin=U1A-K1 Old Length=0mil New Length=261.222mil
Change Pin Package Length: Pin=U1A-K2 Old Length=0mil New Length=233.445mil
Change Pin Package Length: Pin=U1A-L1 Old Length=0mil New Length=251.766mil
Change Pin Package Length: Pin=U1A-L2 Old Length=0mil New Length=197.985mil
Change Pin Package Length: Pin=U1A-L4 Old Length=0mil New Length=197.985mil
Change Pin Package Length: Pin=U1A-L6 Old Length=0mil New Length=241.128mil
Change Pin Package Length: Pin=U1A-M1 Old Length=0mil New Length=224.58mil
Change Pin Package Length: Pin=U1A-M2 Old Length=0mil New Length=223.398mil
Change Pin Package Length: Pin=U1A-N4 Old Length=0mil New Length=167.253mil
Change Pin Package Length: Pin=U1A-N5 Old Length=0mil New Length=280.134mil
Change Pin Package Length: Pin=U1A-N6 Old Length=0mil New Length=144.795mil
Change Pin Package Length: Pin=U1A-P2 Old Length=0mil New Length=264.768mil
Change Pin Package Length: Pin=U1A-T1 Old Length=0mil New Length=191.484mil
Change Pin Package Length: Pin=U1A-U4 Old Length=0mil New Length=133.566mil
Change Pin Package Length: Pin=U1A-U5 Old Length=0mil New Length=147.75mil
Change Pin Package Length: Pin=U1A-U6 Old Length=0mil New Length=171.981mil
Change Pin Package Length: Pin=U1A-V1 Old Length=0mil New Length=208.623mil
Change Pin Package Length: Pin=U1A-V2 Old Length=0mil New Length=197.985mil
Change Pin Package Length: Pin=U1A-W1 Old Length=0mil New Length=320.322mil
Change Pin Package Length: Pin=U1A-W2 Old Length=0mil New Length=277.179mil
Change Pin Package Length: Pin=U1A-W4 Old Length=0mil New Length=161.934mil
Change Pin Package Length: Pin=U1A-W5 Old Length=0mil New Length=192.075mil
Change Pin Package Length: Pin=U1A-Y1 Old Length=0mil New Length=322.095mil
Change Pin Package Length: Pin=U1A-Y2 Old Length=0mil New Length=255.312mil
