Removed Pin From Net: NetName=GPIO1_IO06 Pin=U4-A3
Removed Pin From Net: NetName=GPIO1_IO14 Pin=U4-A4
Removed Pin From Net: NetName=GPIO1_IO12 Pin=U4-A5
Removed Pin From Net: NetName=GPIO1_IO13 Pin=U4-A6
Removed Pin From Net: NetName=GPIO1_IO00 Pin=U4-A7
Removed Pin From Net: NetName=GPIO1_IO08 Pin=U4-A8
Removed Pin From Net: NetName=SD2_DATA3 Pin=U4-AA25
Removed Pin From Net: NetName=SD2_DATA2 Pin=U4-AA26
Removed Pin From Net: NetName=SD1_DATA6 Pin=U4-AA28
Removed Pin From Net: NetName=SD1_DATA5 Pin=U4-AA29
Removed Pin From Net: NetName=SD2_CMD Pin=U4-AB28
Removed Pin From Net: NetName=SD2_CLK Pin=U4-AB29
Removed Pin From Net: NetName=I2C1_SCL Pin=U4-AC8
Removed Pin From Net: NetName=SAI1_RXD0 Pin=U4-AC10
Removed Pin From Net: NetName=SAI1_TXD6 Pin=U4-AC12
Removed Pin From Net: NetName=SAI5_RXFS Pin=U4-AC14
Removed Pin From Net: NetName=SAI3_TXFS Pin=U4-AC16
Removed Pin From Net: NetName=SPDIF_EXT_CLK Pin=U4-AC18
Removed Pin From Net: NetName=UART3_TXD Pin=U4-AC20
Removed Pin From Net: NetName=ENET_TD0 Pin=U4-AC25
Removed Pin From Net: NetName=SD2_WP Pin=U4-AC26
Removed Pin From Net: NetName=SD2_DATA0 Pin=U4-AC28
Removed Pin From Net: NetName=SD2_DATA1 Pin=U4-AC29
Removed Pin From Net: NetName=UART1_RXD Pin=U4-AD6
Removed Pin From Net: NetName=I2C4_SDA Pin=U4-AD8
Removed Pin From Net: NetName=SAI1_RXD4 Pin=U4-AD10
Removed Pin From Net: NetName=SAI1_TXD3 Pin=U4-AD12
Removed Pin From Net: NetName=SAI5_RXC Pin=U4-AD14
Removed Pin From Net: NetName=SAI5_RXD1 Pin=U4-AD16
Removed Pin From Net: NetName=SPDIF_RX Pin=U4-AD18
Removed Pin From Net: NetName=UART3_CTS Pin=U4-AD20
Removed Pin From Net: NetName=ENET_TD3 Pin=U4-AD24
Removed Pin From Net: NetName=UART1_CTS Pin=U4-AE6
Removed Pin From Net: NetName=I2C2_SDA Pin=U4-AE8
Removed Pin From Net: NetName=SAI1_RXD5 Pin=U4-AE10
Removed Pin From Net: NetName=SAI1_MCLK Pin=U4-AE12
Removed Pin From Net: NetName=SAI5_RXD3 Pin=U4-AE14
Removed Pin From Net: NetName=SAI5_RXD0 Pin=U4-AE16
Removed Pin From Net: NetName=SPDIF_TX Pin=U4-AE18
Removed Pin From Net: NetName=UART3_RTS Pin=U4-AE20
Removed Pin From Net: NetName=ENET_TXC Pin=U4-AE24
Removed Pin From Net: NetName=ENET_TD1 Pin=U4-AE26
Removed Pin From Net: NetName=ENET_RX_CTL Pin=U4-AE28
Removed Pin From Net: NetName=ENET_RXC Pin=U4-AE29
Removed Pin From Net: NetName=DBG_UART_A53_RX Pin=U4-AF6
Removed Pin From Net: NetName=I2C4_SCL Pin=U4-AF8
Removed Pin From Net: NetName=SAI1_RXD1 Pin=U4-AF10
Removed Pin From Net: NetName=SAI1_TXFS Pin=U4-AF12
Removed Pin From Net: NetName=SAI5_MCLK Pin=U4-AF14
Removed Pin From Net: NetName=SAI5_RXD2 Pin=U4-AF16
Removed Pin From Net: NetName=SAI3_RXD Pin=U4-AF18
Removed Pin From Net: NetName=UART3_RXD Pin=U4-AF20
Removed Pin From Net: NetName=ENET_TX_CTL Pin=U4-AF24
Removed Pin From Net: NetName=ENET_TD2 Pin=U4-AF26
Removed Pin From Net: NetName=ENET_RD3 Pin=U4-AF28
Removed Pin From Net: NetName=ENET_RD2 Pin=U4-AF29
Removed Pin From Net: NetName=ENET_RD1 Pin=U4-AG28
Removed Pin From Net: NetName=ENET_RD0 Pin=U4-AG29
Removed Pin From Net: NetName=DBG_UART_A53_TX Pin=U4-AH4
Removed Pin From Net: NetName=DBG_UART_M7_TX Pin=U4-AH5
Removed Pin From Net: NetName=I2C2_SCL Pin=U4-AH6
Removed Pin From Net: NetName=I2C1_SDA Pin=U4-AH7
Removed Pin From Net: NetName=SAI1_RXC Pin=U4-AH8
Removed Pin From Net: NetName=SAI1_RXD2 Pin=U4-AH9
Removed Pin From Net: NetName=SAI1_RXD6 Pin=U4-AH10
Removed Pin From Net: NetName=SAI1_TXD2 Pin=U4-AH11
Removed Pin From Net: NetName=SAI1_RXD7 Pin=U4-AH12
Removed Pin From Net: NetName=SAI1_TXD4 Pin=U4-AH13
Removed Pin From Net: NetName=SAI1_TXD5 Pin=U4-AH14
Removed Pin From Net: NetName=SAI2_TXC Pin=U4-AH15
Removed Pin From Net: NetName=SAI2_TXD Pin=U4-AH16
Removed Pin From Net: NetName=SAI2_RXFS Pin=U4-AH17
Removed Pin From Net: NetName=SAI3_TXD Pin=U4-AH18
Removed Pin From Net: NetName=SAI3_TXC Pin=U4-AH19
Removed Pin From Net: NetName=ECSPI2_MISO Pin=U4-AH20
Removed Pin From Net: NetName=ECSPI2_SCLK Pin=U4-AH21
Removed Pin From Net: NetName=ENET_MDC Pin=U4-AH28
Removed Pin From Net: NetName=ENET_MDIO Pin=U4-AH29
Removed Pin From Net: NetName=UART1_TXD Pin=U4-AJ3
Removed Pin From Net: NetName=UART1_RTS Pin=U4-AJ4
Removed Pin From Net: NetName=DBG_UART_M7_RX Pin=U4-AJ5
Removed Pin From Net: NetName=I2C3_SDA Pin=U4-AJ6
Removed Pin From Net: NetName=I2C3_SCL Pin=U4-AJ7
Removed Pin From Net: NetName=SAI1_RXD3 Pin=U4-AJ8
Removed Pin From Net: NetName=SAI1_RXFS Pin=U4-AJ9
Removed Pin From Net: NetName=SAI1_TXD1 Pin=U4-AJ10
Removed Pin From Net: NetName=SAI1_TXD0 Pin=U4-AJ11
Removed Pin From Net: NetName=SAI1_TXC Pin=U4-AJ12
Removed Pin From Net: NetName=SAI1_TXD7 Pin=U4-AJ13
Removed Pin From Net: NetName=SAI2_RXD Pin=U4-AJ14
Removed Pin From Net: NetName=SAI2_MCLK Pin=U4-AJ15
Removed Pin From Net: NetName=SAI2_RXC Pin=U4-AJ16
Removed Pin From Net: NetName=SAI2_TXFS Pin=U4-AJ17
Removed Pin From Net: NetName=SAI3_RXC Pin=U4-AJ18
Removed Pin From Net: NetName=SAI3_RXFS Pin=U4-AJ19
Removed Pin From Net: NetName=SAI3_MCLK Pin=U4-AJ20
Removed Pin From Net: NetName=ECSPI2_MOSI Pin=U4-AJ21
Removed Pin From Net: NetName=ECSPI2_SS0 Pin=U4-AJ22
Removed Pin From Net: NetName=GPIO1_IO05 Pin=U4-B4
Removed Pin From Net: NetName=GPIO1_IO15 Pin=U4-B5
Removed Pin From Net: NetName=WDOG_B Pin=U4-B6
Removed Pin From Net: NetName=GPIO1_IO10 Pin=U4-B7
Removed Pin From Net: NetName=GPIO1_IO09 Pin=U4-B8
Removed Pin From Net: NetName=PMIC_nINT Pin=U4-D6
Removed Pin From Net: NetName=GPIO1_IO11 Pin=U4-D8
Removed Pin From Net: NetName=SD2_VSEL Pin=U4-E6
Removed Pin From Net: NetName=GPIO1_IO01 Pin=U4-E8
Removed Pin From Net: NetName=GPIO1_IO07 Pin=U4-F6
Removed Pin From Net: NetName=BOOT_MODE1 Pin=U4-F8
Removed Pin From Net: NetName=JTAG_TDO Pin=U4-F14
Removed Pin From Net: NetName=PMIC_ON_REQ Pin=U4-F22
Removed Pin From Net: NetName=BOOT_MODE2 Pin=U4-G8
Removed Pin From Net: NetName=BOOT_MODE0 Pin=U4-G10
Removed Pin From Net: NetName=BOOT_MODE3 Pin=U4-G12
Removed Pin From Net: NetName=JTAG_TMS Pin=U4-G14
Removed Pin From Net: NetName=JTAG_TDI Pin=U4-G16
Removed Pin From Net: NetName=JTAG_TCK Pin=U4-G18
Removed Pin From Net: NetName=JTAG_MOD Pin=U4-G20
Removed Pin From Net: NetName=ONOFF Pin=U4-G22
Removed Pin From Net: NetName=XTALI_24M Pin=U4-G25
Removed Pin From Net: NetName=XTALO_24M Pin=U4-G26
Removed Pin From Net: NetName=PMIC_STBY_REQ Pin=U4-J24
Removed Pin From Net: NetName=XTALI_32K Pin=U4-J25
Removed Pin From Net: NetName=XTALO_32K Pin=U4-J26
Removed Pin From Net: NetName=POR_B Pin=U4-J29
Removed Pin From Net: NetName=CLKIN1 Pin=U4-K28
Removed Pin From Net: NetName=CLKOUT1 Pin=U4-K29
Removed Pin From Net: NetName=QSPIA_DATA2 Pin=U4-L24
Removed Pin From Net: NetName=QSPIA_DATA1 Pin=U4-L25
Removed Pin From Net: NetName=QSPIA_nSS0 Pin=U4-L26
Removed Pin From Net: NetName=CLKIN2 Pin=U4-L28
Removed Pin From Net: NetName=CLKOUT2 Pin=U4-L29
Removed Pin From Net: NetName=SD3_DATA7 Pin=U4-M28
Removed Pin From Net: NetName=SD3_DATA2 Pin=U4-M29
Removed Pin From Net: NetName=QSPIA_DATA3 Pin=U4-N24
Removed Pin From Net: NetName=QSPIA_SCLK Pin=U4-N25
Removed Pin From Net: NetName=SD3_DATA6 Pin=U4-N28
Removed Pin From Net: NetName=SD3_DATA1 Pin=U4-N29
Removed Pin From Net: NetName=SD3_DATA5 Pin=U4-P28
Removed Pin From Net: NetName=SD3_DATA0 Pin=U4-P29
Removed Pin From Net: NetName=QSPIA_DATA0 Pin=U4-R25
Removed Pin From Net: NetName=QSPIA_DQS Pin=U4-R26
Removed Pin From Net: NetName=SD3_DATA4 Pin=U4-R28
Removed Pin From Net: NetName=SD3_DATA3 Pin=U4-R29
Removed Pin From Net: NetName=SYS_STATUS Pin=U4-T28
Removed Pin From Net: NetName=SD3_STROBE Pin=U4-T29
Removed Pin From Net: NetName=SD1_DATA7 Pin=U4-U25
Removed Pin From Net: NetName=SD1_DATA4 Pin=U4-U26
Removed Pin From Net: NetName=SD3_CLK Pin=U4-U28
Removed Pin From Net: NetName=SD3_CMD Pin=U4-U29
Removed Pin From Net: NetName=SD1_DATA3 Pin=U4-V28
Removed Pin From Net: NetName=SD1_DATA2 Pin=U4-V29
Removed Pin From Net: NetName=SD1_RESET_B Pin=U4-W25
Removed Pin From Net: NetName=SD1_STROBE Pin=U4-W26
Removed Pin From Net: NetName=SD1_CLK Pin=U4-W28
Removed Pin From Net: NetName=SD1_CMD Pin=U4-W29
Removed Pin From Net: NetName=SD1_DATA1 Pin=U4-Y28
Removed Pin From Net: NetName=SD1_DATA0 Pin=U4-Y29
Removed Member From Class: ClassName=S Member=ANT1
Removed Member From Class: ClassName=S Member=BH1
Removed Member From Class: ClassName=S Member=C138
Removed Member From Class: ClassName=S Member=C139
Removed Member From Class: ClassName=S Member=C140
Removed Member From Class: ClassName=S Member=C141
Removed Member From Class: ClassName=S Member=C142
Removed Member From Class: ClassName=S Member=C143
Removed Member From Class: ClassName=S Member=C144
Removed Member From Class: ClassName=S Member=C145
Removed Member From Class: ClassName=S Member=C146
Removed Member From Class: ClassName=S Member=C147
Removed Member From Class: ClassName=S Member=C148
Removed Member From Class: ClassName=S Member=C149
Removed Member From Class: ClassName=S Member=C150
Removed Member From Class: ClassName=S Member=C151
Removed Member From Class: ClassName=S Member=C152
Removed Member From Class: ClassName=S Member=C153
Removed Member From Class: ClassName=S Member=C154
Removed Member From Class: ClassName=S Member=C155
Removed Member From Class: ClassName=S Member=C156
Removed Member From Class: ClassName=S Member=C157
Removed Member From Class: ClassName=S Member=C162
Removed Member From Class: ClassName=S Member=C163
Removed Member From Class: ClassName=S Member=C164
Removed Member From Class: ClassName=S Member=C165
Removed Member From Class: ClassName=S Member=C166
Removed Member From Class: ClassName=S Member=C167
Removed Member From Class: ClassName=S Member=C168
Removed Member From Class: ClassName=S Member=C169
Removed Member From Class: ClassName=S Member=C170
Removed Member From Class: ClassName=S Member=C171
Removed Member From Class: ClassName=S Member=C172
Removed Member From Class: ClassName=S Member=C173
Removed Member From Class: ClassName=S Member=C174
Removed Member From Class: ClassName=S Member=C175
Removed Member From Class: ClassName=S Member=D2
Removed Member From Class: ClassName=S Member=D3
Removed Member From Class: ClassName=S Member=D4
Removed Member From Class: ClassName=S Member=D5
Removed Member From Class: ClassName=S Member=D6
Removed Member From Class: ClassName=S Member=D7
Removed Member From Class: ClassName=S Member=FL1
Removed Member From Class: ClassName=S Member=J1
Removed Member From Class: ClassName=S Member=J4
Removed Member From Class: ClassName=S Member=J5
Removed Member From Class: ClassName=S Member=L7
Removed Member From Class: ClassName=S Member=R51
Removed Member From Class: ClassName=S Member=R52
Removed Member From Class: ClassName=S Member=R53
Removed Member From Class: ClassName=S Member=R54
Removed Member From Class: ClassName=S Member=R55
Removed Member From Class: ClassName=S Member=R56
Removed Member From Class: ClassName=S Member=R57
Removed Member From Class: ClassName=S Member=R58
Removed Member From Class: ClassName=S Member=R59
Removed Member From Class: ClassName=S Member=R60
Removed Member From Class: ClassName=S Member=R61
Removed Member From Class: ClassName=S Member=R62
Removed Member From Class: ClassName=S Member=R63
Removed Member From Class: ClassName=S Member=R64
Removed Member From Class: ClassName=S Member=R65
Removed Member From Class: ClassName=S Member=R66
Removed Member From Class: ClassName=S Member=R67
Removed Member From Class: ClassName=S Member=R68
Removed Member From Class: ClassName=S Member=R69
Removed Member From Class: ClassName=S Member=R70
Removed Member From Class: ClassName=S Member=R71
Removed Member From Class: ClassName=S Member=R81
Removed Member From Class: ClassName=S Member=R82
Removed Member From Class: ClassName=S Member=R83
Removed Member From Class: ClassName=S Member=TP53
Removed Member From Class: ClassName=S Member=TP57
Removed Member From Class: ClassName=S Member=TP58
Removed Member From Class: ClassName=S Member=TP59
Removed Member From Class: ClassName=S Member=TP60
Removed Member From Class: ClassName=S Member=TP61
Removed Member From Class: ClassName=S Member=TP62
Removed Member From Class: ClassName=S Member=TP63
Removed Member From Class: ClassName=S Member=U5
Removed Member From Class: ClassName=S Member=U6
Removed Member From Class: ClassName=S Member=U7
Removed Member From Class: ClassName=S Member=U8
Removed Member From Class: ClassName=S Member=U9
Removed Member From Class: ClassName=S Member=U10
Removed Member From Class: ClassName=S Member=U11
Removed Member From Class: ClassName=S Member=U12
Removed Member From Class: ClassName=S Member=U13
Removed Member From Class: ClassName=S Member=Y4
Add Component: Footprint Not Found DIO_TVS_SODFL1608X70N
Add Component: Footprint Not Found DIO_TVS_SODFL1608X70N
Add Pin To Net: Unknown Pin: Pin D14-1
Add Pin To Net: Unknown Pin: Pin D14-2
Add Pin To Net: Unknown Pin: Pin D15-1
Add Pin To Net: Unknown Pin: Pin D15-2
Added Pin To Net: NetName=GPIO1_IO06 Pin=U1-A3
Added Pin To Net: NetName=GPIO1_IO14 Pin=U1-A4
Added Pin To Net: NetName=GPIO1_IO12 Pin=U1-A5
Added Pin To Net: NetName=GPIO1_IO13 Pin=U1-A6
Added Pin To Net: NetName=GPIO1_IO00 Pin=U1-A7
Added Pin To Net: NetName=GPIO1_IO08 Pin=U1-A8
Added Pin To Net: NetName=SD2_DATA3 Pin=U1-AA25
Added Pin To Net: NetName=SD2_DATA2 Pin=U1-AA26
Added Pin To Net: NetName=SD1_DATA6 Pin=U1-AA28
Added Pin To Net: NetName=SD1_DATA5 Pin=U1-AA29
Added Pin To Net: NetName=SD2_CMD Pin=U1-AB28
Added Pin To Net: NetName=SD2_CLK Pin=U1-AB29
Added Pin To Net: NetName=I2C1_SCL Pin=U1-AC8
Added Pin To Net: NetName=SAI1_RXD0 Pin=U1-AC10
Added Pin To Net: NetName=SAI1_TXD6 Pin=U1-AC12
Added Pin To Net: NetName=SAI5_RXFS Pin=U1-AC14
Added Pin To Net: NetName=SAI3_TXFS Pin=U1-AC16
Added Pin To Net: NetName=SPDIF_EXT_CLK Pin=U1-AC18
Added Pin To Net: NetName=UART3_TXD Pin=U1-AC20
Added Pin To Net: NetName=ENET_TD0 Pin=U1-AC25
Added Pin To Net: NetName=SD2_WP Pin=U1-AC26
Added Pin To Net: NetName=SD2_DATA0 Pin=U1-AC28
Added Pin To Net: NetName=SD2_DATA1 Pin=U1-AC29
Added Pin To Net: NetName=UART1_RXD Pin=U1-AD6
Added Pin To Net: NetName=I2C4_SDA Pin=U1-AD8
Added Pin To Net: NetName=SAI1_RXD4 Pin=U1-AD10
Added Pin To Net: NetName=SAI1_TXD3 Pin=U1-AD12
Added Pin To Net: NetName=SAI5_RXC Pin=U1-AD14
Added Pin To Net: NetName=SAI5_RXD1 Pin=U1-AD16
Added Pin To Net: NetName=SPDIF_RX Pin=U1-AD18
Added Pin To Net: NetName=UART3_CTS Pin=U1-AD20
Added Pin To Net: NetName=ENET_TD3 Pin=U1-AD24
Added Pin To Net: NetName=UART1_CTS Pin=U1-AE6
Added Pin To Net: NetName=I2C2_SDA Pin=U1-AE8
Added Pin To Net: NetName=SAI1_RXD5 Pin=U1-AE10
Added Pin To Net: NetName=SAI1_MCLK Pin=U1-AE12
Added Pin To Net: NetName=SAI5_RXD3 Pin=U1-AE14
Added Pin To Net: NetName=SAI5_RXD0 Pin=U1-AE16
Added Pin To Net: NetName=SPDIF_TX Pin=U1-AE18
Added Pin To Net: NetName=UART3_RTS Pin=U1-AE20
Added Pin To Net: NetName=ENET_TXC Pin=U1-AE24
Added Pin To Net: NetName=ENET_TD1 Pin=U1-AE26
Added Pin To Net: NetName=ENET_RX_CTL Pin=U1-AE28
Added Pin To Net: NetName=ENET_RXC Pin=U1-AE29
Added Pin To Net: NetName=DBG_UART_A53_RX Pin=U1-AF6
Added Pin To Net: NetName=I2C4_SCL Pin=U1-AF8
Added Pin To Net: NetName=SAI1_RXD1 Pin=U1-AF10
Added Pin To Net: NetName=SAI1_TXFS Pin=U1-AF12
Added Pin To Net: NetName=SAI5_MCLK Pin=U1-AF14
Added Pin To Net: NetName=SAI5_RXD2 Pin=U1-AF16
Added Pin To Net: NetName=SAI3_RXD Pin=U1-AF18
Added Pin To Net: NetName=UART3_RXD Pin=U1-AF20
Added Pin To Net: NetName=ENET_TX_CTL Pin=U1-AF24
Added Pin To Net: NetName=ENET_TD2 Pin=U1-AF26
Added Pin To Net: NetName=ENET_RD3 Pin=U1-AF28
Added Pin To Net: NetName=ENET_RD2 Pin=U1-AF29
Added Pin To Net: NetName=ENET_RD1 Pin=U1-AG28
Added Pin To Net: NetName=ENET_RD0 Pin=U1-AG29
Added Pin To Net: NetName=DBG_UART_A53_TX Pin=U1-AH4
Added Pin To Net: NetName=DBG_UART_M7_TX Pin=U1-AH5
Added Pin To Net: NetName=I2C2_SCL Pin=U1-AH6
Added Pin To Net: NetName=I2C1_SDA Pin=U1-AH7
Added Pin To Net: NetName=SAI1_RXC Pin=U1-AH8
Added Pin To Net: NetName=SAI1_RXD2 Pin=U1-AH9
Added Pin To Net: NetName=SAI1_RXD6 Pin=U1-AH10
Added Pin To Net: NetName=SAI1_TXD2 Pin=U1-AH11
Added Pin To Net: NetName=SAI1_RXD7 Pin=U1-AH12
Added Pin To Net: NetName=SAI1_TXD4 Pin=U1-AH13
Added Pin To Net: NetName=SAI1_TXD5 Pin=U1-AH14
Added Pin To Net: NetName=SAI2_TXC Pin=U1-AH15
Added Pin To Net: NetName=SAI2_TXD Pin=U1-AH16
Added Pin To Net: NetName=SAI2_RXFS Pin=U1-AH17
Added Pin To Net: NetName=SAI3_TXD Pin=U1-AH18
Added Pin To Net: NetName=SAI3_TXC Pin=U1-AH19
Added Pin To Net: NetName=ECSPI2_MISO Pin=U1-AH20
Added Pin To Net: NetName=ECSPI2_SCLK Pin=U1-AH21
Added Pin To Net: NetName=ENET_MDC Pin=U1-AH28
Added Pin To Net: NetName=ENET_MDIO Pin=U1-AH29
Added Pin To Net: NetName=UART1_TXD Pin=U1-AJ3
Added Pin To Net: NetName=UART1_RTS Pin=U1-AJ4
Added Pin To Net: NetName=DBG_UART_M7_RX Pin=U1-AJ5
Added Pin To Net: NetName=I2C3_SDA Pin=U1-AJ6
Added Pin To Net: NetName=I2C3_SCL Pin=U1-AJ7
Added Pin To Net: NetName=SAI1_RXD3 Pin=U1-AJ8
Added Pin To Net: NetName=SAI1_RXFS Pin=U1-AJ9
Added Pin To Net: NetName=SAI1_TXD1 Pin=U1-AJ10
Added Pin To Net: NetName=SAI1_TXD0 Pin=U1-AJ11
Added Pin To Net: NetName=SAI1_TXC Pin=U1-AJ12
Added Pin To Net: NetName=SAI1_TXD7 Pin=U1-AJ13
Added Pin To Net: NetName=SAI2_RXD Pin=U1-AJ14
Added Pin To Net: NetName=SAI2_MCLK Pin=U1-AJ15
Added Pin To Net: NetName=SAI2_RXC Pin=U1-AJ16
Added Pin To Net: NetName=SAI2_TXFS Pin=U1-AJ17
Added Pin To Net: NetName=SAI3_RXC Pin=U1-AJ18
Added Pin To Net: NetName=SAI3_RXFS Pin=U1-AJ19
Added Pin To Net: NetName=SAI3_MCLK Pin=U1-AJ20
Added Pin To Net: NetName=ECSPI2_MOSI Pin=U1-AJ21
Added Pin To Net: NetName=ECSPI2_SS0 Pin=U1-AJ22
Added Pin To Net: NetName=GPIO1_IO05 Pin=U1-B4
Added Pin To Net: NetName=GPIO1_IO15 Pin=U1-B5
Added Pin To Net: NetName=WDOG_B Pin=U1-B6
Added Pin To Net: NetName=GPIO1_IO10 Pin=U1-B7
Added Pin To Net: NetName=GPIO1_IO09 Pin=U1-B8
Added Pin To Net: NetName=PMIC_nINT Pin=U1-D6
Added Pin To Net: NetName=GPIO1_IO11 Pin=U1-D8
Added Pin To Net: NetName=SD2_VSEL Pin=U1-E6
Added Pin To Net: NetName=GPIO1_IO01 Pin=U1-E8
Added Pin To Net: NetName=GPIO1_IO07 Pin=U1-F6
Added Pin To Net: NetName=BOOT_MODE1 Pin=U1-F8
Added Pin To Net: NetName=JTAG_TDO Pin=U1-F14
Added Pin To Net: NetName=PMIC_ON_REQ Pin=U1-F22
Added Pin To Net: NetName=BOOT_MODE2 Pin=U1-G8
Added Pin To Net: NetName=BOOT_MODE0 Pin=U1-G10
Added Pin To Net: NetName=BOOT_MODE3 Pin=U1-G12
Added Pin To Net: NetName=JTAG_TMS Pin=U1-G14
Added Pin To Net: NetName=JTAG_TDI Pin=U1-G16
Added Pin To Net: NetName=JTAG_TCK Pin=U1-G18
Added Pin To Net: NetName=JTAG_MOD Pin=U1-G20
Added Pin To Net: NetName=ONOFF Pin=U1-G22
Added Pin To Net: NetName=XTALI_24M Pin=U1-G25
Added Pin To Net: NetName=XTALO_24M Pin=U1-G26
Added Pin To Net: NetName=PMIC_STBY_REQ Pin=U1-J24
Added Pin To Net: NetName=XTALI_32K Pin=U1-J25
Added Pin To Net: NetName=XTALO_32K Pin=U1-J26
Added Pin To Net: NetName=POR_B Pin=U1-J29
Added Pin To Net: NetName=CLKIN1 Pin=U1-K28
Added Pin To Net: NetName=CLKOUT1 Pin=U1-K29
Added Pin To Net: NetName=QSPIA_DATA2 Pin=U1-L24
Added Pin To Net: NetName=QSPIA_DATA1 Pin=U1-L25
Added Pin To Net: NetName=QSPIA_nSS0 Pin=U1-L26
Added Pin To Net: NetName=CLKIN2 Pin=U1-L28
Added Pin To Net: NetName=CLKOUT2 Pin=U1-L29
Added Pin To Net: NetName=SD3_DATA7 Pin=U1-M28
Added Pin To Net: NetName=SD3_DATA2 Pin=U1-M29
Added Pin To Net: NetName=QSPIA_DATA3 Pin=U1-N24
Added Pin To Net: NetName=QSPIA_SCLK Pin=U1-N25
Added Pin To Net: NetName=SD3_DATA6 Pin=U1-N28
Added Pin To Net: NetName=SD3_DATA1 Pin=U1-N29
Added Pin To Net: NetName=SD3_DATA5 Pin=U1-P28
Added Pin To Net: NetName=SD3_DATA0 Pin=U1-P29
Added Pin To Net: NetName=QSPIA_DATA0 Pin=U1-R25
Added Pin To Net: NetName=QSPIA_DQS Pin=U1-R26
Added Pin To Net: NetName=SD3_DATA4 Pin=U1-R28
Added Pin To Net: NetName=SD3_DATA3 Pin=U1-R29
Added Pin To Net: NetName=SYS_STATUS Pin=U1-T28
Added Pin To Net: NetName=SD3_STROBE Pin=U1-T29
Added Pin To Net: NetName=SD1_DATA7 Pin=U1-U25
Added Pin To Net: NetName=SD1_DATA4 Pin=U1-U26
Added Pin To Net: NetName=SD3_CLK Pin=U1-U28
Added Pin To Net: NetName=SD3_CMD Pin=U1-U29
Added Pin To Net: NetName=SD1_DATA3 Pin=U1-V28
Added Pin To Net: NetName=SD1_DATA2 Pin=U1-V29
Added Pin To Net: NetName=SD1_RESET_B Pin=U1-W25
Added Pin To Net: NetName=SD1_STROBE Pin=U1-W26
Added Pin To Net: NetName=SD1_CLK Pin=U1-W28
Added Pin To Net: NetName=SD1_CMD Pin=U1-W29
Added Pin To Net: NetName=SD1_DATA1 Pin=U1-Y28
Added Pin To Net: NetName=SD1_DATA0 Pin=U1-Y29
Add Net: Net with name "CSI2_CK_N" already exists
Add Net: Net with name "CSI2_CK_P" already exists
Add Net: Net with name "CSI2_D0_N" already exists
Add Net: Net with name "CSI2_D0_P" already exists
Add Net: Net with name "CSI2_D1_N" already exists
Add Net: Net with name "CSI2_D1_P" already exists
Add Net: Net with name "CSI2_D2_N" already exists
Add Net: Net with name "CSI2_D2_P" already exists
Add Net: Net with name "CSI2_D3_N" already exists
Add Net: Net with name "CSI2_D3_P" already exists
Add Net: Net with name "I2C2_SCL" already exists
Add Net: Net with name "I2C2_SDA" already exists
Add Net: Net with name "SD2_nCD" already exists
Add Class: Class already exists: S
Add Class: Class already exists: S
Add Class: Class already exists: S
Add Class: Class already exists: S
Add Class: Class already exists: S
