Change Component Designator: Old Designator=C1 New Designator=C138
Change Component Designator: Old Designator=C2 New Designator=C139
Change Component Designator: Old Designator=C3 New Designator=C140
Change Component Designator: Old Designator=C4 New Designator=C141
Change Component Designator: Old Designator=D1 New Designator=D2
Change Component Designator: Old Designator=D2 New Designator=D3
Change Component Designator: Old Designator=R20 New Designator=R51
Change Component Designator: Old Designator=R21 New Designator=R52
Change Component Designator: Old Designator=R22 New Designator=R53
Change Component Designator: Old Designator=R23 New Designator=R54
Change Component Designator: Old Designator=R24 New Designator=R55
Change Component Designator: Old Designator=R25 New Designator=R56
Change Component Designator: Old Designator=R26 New Designator=R57
Change Component Designator: Old Designator=R27 New Designator=R58
Change Component Designator: Old Designator=R28 New Designator=R59
Change Component Designator: Old Designator=R29 New Designator=R60
Change Component Designator: Old Designator=TP7 New Designator=TP55
Change Component Designator: Old Designator=U3 New Designator=U7
Change Component Designator: Old Designator=U5 New Designator=U6
Change Component Designator: Old Designator=Y1 New Designator=Y4
