Change Component Designator: Old Designator=C23 New Designator=C150
Change Component Designator: Old Designator=C24 New Designator=C154
Change Component Designator: Old Designator=C25 New Designator=C151
Change Component Designator: Old Designator=C26 New Designator=C152
Change Component Designator: Old Designator=C27 New Designator=C153
Change Component Designator: Old Designator=C28 New Designator=C155
Change Component Designator: Old Designator=C29 New Designator=C156
Change Component Designator: Old Designator=C30 New Designator=C157
Change Component Designator: Old Designator=D1 New Designator=D5
Change Component Designator: Old Designator=D2 New Designator=D6
Change Component Designator: Old Designator=D15 New Designator=D4
Change Component Designator: Old Designator=D22 New Designator=D7
Change Component Designator: Old Designator=J4 New Designator=J1
Change Component Designator: Old Designator=L1 New Designator=L7
Change Component Designator: Old Designator=R31 New Designator=R64
Change Component Designator: Old Designator=R32 New Designator=R65
Change Component Designator: Old Designator=R33 New Designator=R66
Change Component Designator: Old Designator=R34 New Designator=R67
Change Component Designator: Old Designator=R35 New Designator=R69
Change Component Designator: Old Designator=R36 New Designator=R70
Change Component Designator: Old Designator=R37 New Designator=R71
Change Component Designator: Old Designator=R153 New Designator=R68
Change Component Designator: Old Designator=TP11 New Designator=TP57
Change Component Designator: Old Designator=TP12 New Designator=TP58
Change Component Designator: Old Designator=TP13 New Designator=TP59
