Add Component: Footprint Not Found CAP 0402_1005
Add Component: Footprint Not Found MURATA GCM155 0402_1005
Add Component: Footprint Not Found MURATA GCM155 0402_1005
Add Component: Footprint Not Found MURATA GCM155 0402_1005
Add Component: Footprint Not Found MURATA GCM155 0402_1005
Add Component: Footprint Not Found MURATA GCM155 0402_1005
Add Component: Footprint Not Found CAP 0402_1005
Add Component: Footprint Not Found MURATA GCM155 0402_1005
Add Component: Footprint Not Found MURATA GCM155 0402_1005
Add Component: Footprint Not Found MURATA GCM155 0402_1005
Add Component: Footprint Not Found MURATA GCM155 0402_1005
Add Component: Footprint Not Found CAP 0402_1005
Add Component: Footprint Not Found CAP 0402_1005
Add Component: Footprint Not Found CAP 0402_1005
Add Component: Footprint Not Found SOD323
Add Component: Footprint Not Found JST B5B-PH-K
Add Component: Footprint Not Found CONN_HDR_MALE_10P_2R
Add Component: Footprint Not Found FCI USB 10118193-0001LF
Add Component: Footprint Not Found FCI USB 10118193-0001LF
Add Component: Footprint Not Found RES 0402_1005
Add Component: Footprint Not Found RES 0402_1005
Add Component: Footprint Not Found RES 0402_1005
Add Component: Footprint Not Found YAGEO RES 0402_1005
Add Component: Footprint Not Found RES 0402_1005
Add Component: Footprint Not Found RES 0402_1005
Add Component: Footprint Not Found RES 0402_1005
Add Component: Footprint Not Found RES 0402_1005
Add Component: Footprint Not Found RES 0402_1005
Add Component: Footprint Not Found RES 0805_2012
Add Component: Footprint Not Found RES 0402_1005
Add Component: Footprint Not Found RES 0402_1005
Add Component: Footprint Not Found RES 0805_2012
Add Component: Footprint Not Found RES 0402_1005
Add Component: Footprint Not Found RES 0402_1005
Add Component: Footprint Not Found RES 0402_1005
Add Component: Footprint Not Found RES 0402_1005
Add Component: Footprint Not Found RES 0402_1005
Add Component: Footprint Not Found RES 0402_1005
Add Component: Footprint Not Found RES 0402_1005
Add Component: Footprint Not Found RES 0402_1005
Add Component: Footprint Not Found RES 0402_1005
Add Component: Footprint Not Found RES 0402_1005
Add Component: Footprint Not Found RES 0402_1005
Add Component: Footprint Not Found RES 0402_1005
Add Component: Footprint Not Found ABRACON ABLS
Add Pin To Net: Unknown Pin: Pin C138-1
Add Pin To Net: Unknown Pin: Pin C138-2
Add Pin To Net: Unknown Pin: Pin C139-1
Add Pin To Net: Unknown Pin: Pin C139-2
Add Pin To Net: Unknown Pin: Pin C140-1
Add Pin To Net: Unknown Pin: Pin C140-2
Add Pin To Net: Unknown Pin: Pin C141-1
Add Pin To Net: Unknown Pin: Pin C141-2
Add Pin To Net: Unknown Pin: Pin C142-1
Add Pin To Net: Unknown Pin: Pin C142-2
Add Pin To Net: Unknown Pin: Pin C143-1
Add Pin To Net: Unknown Pin: Pin C143-2
Add Pin To Net: Unknown Pin: Pin C144-1
Add Pin To Net: Unknown Pin: Pin C144-2
Add Pin To Net: Unknown Pin: Pin C145-1
Add Pin To Net: Unknown Pin: Pin C145-2
Add Pin To Net: Unknown Pin: Pin C148-1
Add Pin To Net: Unknown Pin: Pin C148-2
Add Pin To Net: Unknown Pin: Pin C149-1
Add Pin To Net: Unknown Pin: Pin C149-2
Add Pin To Net: Unknown Pin: Pin C152-1
Add Pin To Net: Unknown Pin: Pin C152-2
Add Pin To Net: Unknown Pin: Pin C154-1
Add Pin To Net: Unknown Pin: Pin C154-2
Add Pin To Net: Unknown Pin: Pin C224-1
Add Pin To Net: Unknown Pin: Pin C224-2
Add Pin To Net: Unknown Pin: Pin C225-1
Add Pin To Net: Unknown Pin: Pin C225-2
Add Pin To Net: Unknown Pin: Pin D20-1
Add Pin To Net: Unknown Pin: Pin D20-2
Add Pin To Net: Unknown Pin: Pin J2-1
Add Pin To Net: Unknown Pin: Pin J2-2
Add Pin To Net: Unknown Pin: Pin J2-3
Add Pin To Net: Unknown Pin: Pin J2-4
Add Pin To Net: Unknown Pin: Pin J2-5
Add Pin To Net: Unknown Pin: Pin J8-1
Add Pin To Net: Unknown Pin: Pin J8-2
Add Pin To Net: Unknown Pin: Pin J8-3
Add Pin To Net: Unknown Pin: Pin J8-4
Add Pin To Net: Unknown Pin: Pin J8-5
Add Pin To Net: Unknown Pin: Pin J8-6
Add Pin To Net: Unknown Pin: Pin J8-7
Add Pin To Net: Unknown Pin: Pin J8-8
Add Pin To Net: Unknown Pin: Pin J8-9
Add Pin To Net: Unknown Pin: Pin J8-10
Add Pin To Net: Unknown Pin: Pin J9-1
Add Pin To Net: Unknown Pin: Pin J9-2
Add Pin To Net: Unknown Pin: Pin J9-3
Add Pin To Net: Unknown Pin: Pin J9-4
Add Pin To Net: Unknown Pin: Pin J9-5
Add Pin To Net: Unknown Pin: Pin J9-S
Add Pin To Net: Unknown Pin: Pin J11-2
Add Pin To Net: Unknown Pin: Pin J11-3
Add Pin To Net: Unknown Pin: Pin J11-5
Add Pin To Net: Unknown Pin: Pin J11-S
Add Pin To Net: Unknown Pin: Pin R51-1
Add Pin To Net: Unknown Pin: Pin R51-2
Add Pin To Net: Unknown Pin: Pin R52-1
Add Pin To Net: Unknown Pin: Pin R52-2
Add Pin To Net: Unknown Pin: Pin R53-1
Add Pin To Net: Unknown Pin: Pin R53-2
Add Pin To Net: Unknown Pin: Pin R54-1
Add Pin To Net: Unknown Pin: Pin R54-2
Add Pin To Net: Unknown Pin: Pin R55-1
Add Pin To Net: Unknown Pin: Pin R55-2
Add Pin To Net: Unknown Pin: Pin R56-1
Add Pin To Net: Unknown Pin: Pin R56-2
Add Pin To Net: Unknown Pin: Pin R57-1
Add Pin To Net: Unknown Pin: Pin R57-2
Add Pin To Net: Unknown Pin: Pin R58-1
Add Pin To Net: Unknown Pin: Pin R58-2
Add Pin To Net: Unknown Pin: Pin R61-1
Add Pin To Net: Unknown Pin: Pin R61-2
Add Pin To Net: Unknown Pin: Pin R63-1
Add Pin To Net: Unknown Pin: Pin R63-2
Add Pin To Net: Unknown Pin: Pin R64-1
Add Pin To Net: Unknown Pin: Pin R64-2
Add Pin To Net: Unknown Pin: Pin R66-1
Add Pin To Net: Unknown Pin: Pin R66-2
Add Pin To Net: Unknown Pin: Pin R67-1
Add Pin To Net: Unknown Pin: Pin R67-2
Add Pin To Net: Unknown Pin: Pin R68-1
Add Pin To Net: Unknown Pin: Pin R68-2
Add Pin To Net: Unknown Pin: Pin R69-1
Add Pin To Net: Unknown Pin: Pin R69-2
Add Pin To Net: Unknown Pin: Pin R70-1
Add Pin To Net: Unknown Pin: Pin R70-2
Add Pin To Net: Unknown Pin: Pin R105-1
Add Pin To Net: Unknown Pin: Pin R105-2
Add Pin To Net: Unknown Pin: Pin R107-1
Add Pin To Net: Unknown Pin: Pin R107-2
Add Pin To Net: Unknown Pin: Pin R108-1
Add Pin To Net: Unknown Pin: Pin R108-2
Add Pin To Net: Unknown Pin: Pin R109-1
Add Pin To Net: Unknown Pin: Pin R109-2
Add Pin To Net: Unknown Pin: Pin R110-1
Add Pin To Net: Unknown Pin: Pin R110-2
Add Pin To Net: Unknown Pin: Pin R111-1
Add Pin To Net: Unknown Pin: Pin R111-2
Add Pin To Net: Unknown Pin: Pin R112-1
Add Pin To Net: Unknown Pin: Pin R112-2
Add Pin To Net: Unknown Pin: Pin R130-1
Add Pin To Net: Unknown Pin: Pin R130-2
Add Pin To Net: Unknown Pin: Pin R155-1
Add Pin To Net: Unknown Pin: Pin R155-2
Add Pin To Net: Unknown Pin: Pin Y5-1
Add Pin To Net: Unknown Pin: Pin Y5-2
Add Net: Net with name "SSRX1_N" already exists
Add Net: Net with name "SSRX1_P" already exists
Add Net: Net with name "SSRX2_N" already exists
Add Net: Net with name "SSRX2_P" already exists
Add Class: Class already exists: Designator
Add Class Member: Failed to add class member : Component C138 8200 pF
Add Class Member: Failed to add class member : Component C139 0.1 µF
Add Class Member: Failed to add class member : Component C140 0.1 µF
Add Class Member: Failed to add class member : Component C141 0.1 µF
Add Class Member: Failed to add class member : Component C142 0.1 µF
Add Class Member: Failed to add class member : Component C143 0.1 µF
Add Class Member: Failed to add class member : Component C144 10000 pF
Add Class Member: Failed to add class member : Component C145 0.1 µF
Add Class Member: Failed to add class member : Component C224 27 pF
Add Class Member: Failed to add class member : Component C225 27 pF
Add Class Member: Failed to add class member : Component D20 1SS367,H3F
Add Class Member: Failed to add class member : Component J8 20021121-00010C4LF
Add Class Member: Failed to add class member : Component J9 10118193-0001LF
Add Class Member: Failed to add class member : Component J11 10118193-0001LF
Add Class Member: Failed to add class member : Component R51 470 kOhms
Add Class Member: Failed to add class member : Component R52 47 kOhms
Add Class Member: Failed to add class member : Component R53 47 kOhms
Add Class Member: Failed to add class member : Component R54 130 kOhms
Add Class Member: Failed to add class member : Component R55 15.4 kOhms
Add Class Member: Failed to add class member : Component R56 154 kOhms
Add Class Member: Failed to add class member : Component R57 10 kOhms
Add Class Member: Failed to add class member : Component R58 10 kOhms
Add Class Member: Failed to add class member : Component R61 10 kOhms
Add Class Member: Failed to add class member : Component R63 887 kOhms
Add Class Member: Failed to add class member : Component R105 0 Ohms
Add Class Member: Failed to add class member : Component R107 47 kOhms
Add Class Member: Failed to add class member : Component R108 47 kOhms
Add Class Member: Failed to add class member : Component R109 47 kOhms
Add Class Member: Failed to add class member : Component R110 47 kOhms
Add Class Member: Failed to add class member : Component R111 47 kOhms
Add Class Member: Failed to add class member : Component R112 47 kOhms
Add Class Member: Failed to add class member : Component R130 100 Ohms
Add Class Member: Failed to add class member : Component R155 12 kOhms
Add Class Member: Failed to add class member : Component Y5 12 MHz
