Change Net Name : Old Net Name=NetC139_1 New Net Name=USB2_TX_1_P
Change Net Name : Old Net Name=NetC140_1 New Net Name=USB2_TX_1_N
Change Net Name : Old Net Name=NetC141_1 New Net Name=USB2_TX_2_P
Change Net Name : Old Net Name=NetC142_1 New Net Name=USB2_TX_2_N
Change Net Name : Old Net Name=NetJ1_A6 New Net Name=USB2_D_CN_P
Change Net Name : Old Net Name=NetJ1_A7 New Net Name=USB2_D_CN_N
Change Net Name : Old Net Name=NetU7_12 New Net Name=USB2_RX_2_N
Change Net Name : Old Net Name=NetU7_13 New Net Name=USB2_RX_2_P
Change Net Name : Old Net Name=NetU7_16 New Net Name=USB2_RX_1_N
Change Net Name : Old Net Name=NetU7_17 New Net Name=USB2_RX_1_P
Added Differential Pair: Name=USB1_D1
Added Differential Pair: Name=USB2_D_CN
Added Differential Pair: Name=USB2_RX_1
Added Differential Pair: Name=USB2_RX_2
Added Differential Pair: Name=USB2_TX_1
Added Differential Pair: Name=USB2_TX_2
Added Member To Class: ClassName=Z90 Member=USB1_D1
Added Member To Class: ClassName=Z90 Member=USB2_D_CN
Added Member To Class: ClassName=Z90 Member=USB2_RX_1
Added Member To Class: ClassName=Z90 Member=USB2_RX_2
Added Member To Class: ClassName=Z90 Member=USB2_TX_1
Added Member To Class: ClassName=Z90 Member=USB2_TX_2
