Change Component Designator: Old Designator=C? New Designator=C206
Change Component Designator: Old Designator=C? New Designator=C207
Change Component Designator: Old Designator=C? New Designator=C208
Change Component Designator: Old Designator=C? New Designator=C209
Change Component Designator: Old Designator=C? New Designator=C210
Change Component Designator: Old Designator=C? New Designator=C211
Change Component Designator: Old Designator=C? New Designator=C212
Change Component Designator: Old Designator=C? New Designator=C213
Change Component Designator: Old Designator=C? New Designator=C214
Change Component Designator: Old Designator=C? New Designator=C215
Change Component Designator: Old Designator=C? New Designator=C216
Change Component Designator: Old Designator=C? New Designator=C217
Change Component Designator: Old Designator=C? New Designator=C218
Change Component Designator: Old Designator=C? New Designator=C219
Change Component Designator: Old Designator=C? New Designator=C220
Change Component Designator: Old Designator=C? New Designator=C221
Change Component Designator: Old Designator=C? New Designator=C222
Change Component Designator: Old Designator=C? New Designator=C223
Change Component Designator: Old Designator=C? New Designator=C224
Change Component Designator: Old Designator=C? New Designator=C225
Change Component Designator: Old Designator=D? New Designator=D22
Change Component Designator: Old Designator=D? New Designator=D23
Change Component Designator: Old Designator=D? New Designator=D24
Change Component Designator: Old Designator=D? New Designator=D25
Change Component Designator: Old Designator=D? New Designator=D26
Change Component Designator: Old Designator=FB? New Designator=FB11
Change Component Designator: Old Designator=FB? New Designator=FB12
Change Component Designator: Old Designator=J? New Designator=J8
Change Component Designator: Old Designator=J? New Designator=J9
Change Component Designator: Old Designator=R? New Designator=R134
Change Component Designator: Old Designator=R? New Designator=R135
Change Component Designator: Old Designator=R? New Designator=R136
Change Component Designator: Old Designator=R? New Designator=R137
Change Component Designator: Old Designator=R? New Designator=R138
Change Component Designator: Old Designator=R? New Designator=R139
Change Component Designator: Old Designator=R? New Designator=R140
Change Component Designator: Old Designator=R? New Designator=R141
Change Component Designator: Old Designator=R? New Designator=R142
Change Component Designator: Old Designator=R? New Designator=R143
Change Component Designator: Old Designator=R? New Designator=R144
Change Component Designator: Old Designator=R? New Designator=R145
Change Component Designator: Old Designator=R? New Designator=R146
Change Component Designator: Old Designator=R? New Designator=R147
Change Component Designator: Old Designator=R? New Designator=R148
Change Component Designator: Old Designator=R? New Designator=R149
Change Component Designator: Old Designator=R? New Designator=R150
Change Component Designator: Old Designator=R? New Designator=R151
Change Component Designator: Old Designator=R? New Designator=R152
Change Component Designator: Old Designator=R? New Designator=R153
Change Component Designator: Old Designator=R? New Designator=R154
Change Component Designator: Old Designator=R? New Designator=R155
Change Component Designator: Old Designator=R? New Designator=R156
Change Component Designator: Old Designator=S? New Designator=S1
Change Component Designator: Old Designator=SW? New Designator=SW1
Change Component Designator: Old Designator=U? New Designator=U25
Change Component Designator: Old Designator=U? New Designator=U25
Change Component Designator: Old Designator=U? New Designator=U24
Change Component Designator: Old Designator=U? New Designator=U26
Change Component Designator: Old Designator=Y? New Designator=Y5
